{"level":"info","message":"Hello log files","timestamp":"2017-04-21T09:50:19.204Z"}
{"level":"info","message":"Hello log files","timestamp":"2017-04-21T10:00:17.099Z"}
{"level":"info","message":"Hello log files","timestamp":"2017-04-21T10:00:41.059Z"}
{"level":"info","message":"Hello log files","timestamp":"2017-04-21T13:43:34.133Z"}
{"level":"info","message":"Hello log files","timestamp":"2017-04-21T13:45:40.023Z"}
{"level":"info","message":"Hello log files","timestamp":"2017-04-21T14:02:02.890Z"}
{"level":"info","message":"Hello log files","timestamp":"2017-04-24T12:08:59.254Z"}
{"level":"debug","message":"Debugging info","timestamp":"2017-04-24T12:09:21.262Z"}
{"level":"verbose","message":"Verbose info","timestamp":"2017-04-24T12:09:21.262Z"}
{"level":"info","message":"Hello world","timestamp":"2017-04-24T12:09:21.262Z"}
{"level":"warn","message":"Warning message","timestamp":"2017-04-24T12:09:21.262Z"}
{"level":"error","message":"Error info","timestamp":"2017-04-24T12:09:21.262Z"}
{"level":"debug","message":"Debugging info","timestamp":"2017-04-24T13:07:04.331Z"}
{"level":"verbose","message":"Verbose info","timestamp":"2017-04-24T13:07:04.331Z"}
{"level":"info","message":"Hello world","timestamp":"2017-04-24T13:07:04.331Z"}
{"level":"warn","message":"Warning message","timestamp":"2017-04-24T13:07:04.331Z"}
{"level":"error","message":"Error info","timestamp":"2017-04-24T13:07:04.331Z"}
{"level":"debug","message":"Debugging info","timestamp":"2017-04-24T13:08:07.159Z"}
{"level":"verbose","message":"Verbose info","timestamp":"2017-04-24T13:08:07.159Z"}
{"level":"info","message":"Hello world","timestamp":"2017-04-24T13:08:07.159Z"}
{"level":"warn","message":"Warning message","timestamp":"2017-04-24T13:08:07.159Z"}
{"level":"error","message":"Error info","timestamp":"2017-04-24T13:08:07.175Z"}
{"level":"debug","message":"Debugging info","timestamp":"2017-04-24T13:10:46.184Z"}
{"level":"verbose","message":"Verbose info","timestamp":"2017-04-24T13:10:46.184Z"}
{"level":"info","message":"Hello world","timestamp":"2017-04-24T13:10:46.184Z"}
{"level":"warn","message":"Warning message","timestamp":"2017-04-24T13:10:46.184Z"}
{"level":"error","message":"Error info","timestamp":"2017-04-24T13:10:46.184Z"}
{"level":"debug","message":"Debugging info","timestamp":"2017-04-24T13:11:10.781Z"}
{"level":"verbose","message":"Verbose info","timestamp":"2017-04-24T13:11:10.781Z"}
{"level":"info","message":"Hello world","timestamp":"2017-04-24T13:11:10.781Z"}
{"level":"warn","message":"Warning message","timestamp":"2017-04-24T13:11:10.781Z"}
{"level":"error","message":"Error info","timestamp":"2017-04-24T13:11:10.781Z"}
{"level":"debug","message":"Debugging info","timestamp":"2017-04-24T14:53:55.746Z"}
{"level":"verbose","message":"Verbose info","timestamp":"2017-04-24T14:53:55.762Z"}
{"level":"info","message":"Hello world","timestamp":"2017-04-24T14:53:55.762Z"}
{"level":"warn","message":"Warning message","timestamp":"2017-04-24T14:53:55.762Z"}
{"level":"error","message":"Error info","timestamp":"2017-04-24T14:53:55.762Z"}
{"level":"debug","message":"Debugging info","timestamp":"2017-04-24T15:03:46.179Z"}
{"level":"verbose","message":"Verbose info","timestamp":"2017-04-24T15:03:46.179Z"}
{"level":"info","message":"Hello world","timestamp":"2017-04-24T15:03:46.179Z"}
{"level":"warn","message":"Warning message","timestamp":"2017-04-24T15:03:46.179Z"}
{"level":"error","message":"Error info","timestamp":"2017-04-24T15:03:46.195Z"}
{"level":"error","message":"Error info","timestamp":"2017-04-24T15:04:06.090Z"}
{"level":"debug","message":"Debugging info","timestamp":1493046734727}
{"level":"verbose","message":"Verbose info","timestamp":1493046734727}
{"level":"info","message":"Hello world","timestamp":1493046734727}
{"level":"warn","message":"Warning message","timestamp":1493046734727}
{"level":"error","message":"Error info","timestamp":1493046734727}
{"level":"debug","message":"Debugging info","timestamp":"2017-04-24T15:12:42.797Z"}
{"level":"verbose","message":"Verbose info","timestamp":"2017-04-24T15:12:42.797Z"}
{"level":"info","message":"Hello world","timestamp":"2017-04-24T15:12:42.797Z"}
{"level":"warn","message":"Warning message","timestamp":"2017-04-24T15:12:42.797Z"}
{"level":"error","message":"Error info","timestamp":"2017-04-24T15:12:42.797Z"}
{"level":"debug","message":"Debugging info","timestamp":"2017-04-25T11:51:45.684Z"}
{"level":"verbose","message":"Verbose info","timestamp":"2017-04-25T11:51:45.684Z"}
{"level":"info","message":"Hello world","timestamp":"2017-04-25T11:51:45.684Z"}
{"level":"warn","message":"Warning message","timestamp":"2017-04-25T11:51:45.684Z"}
{"level":"error","message":"Error info","timestamp":"2017-04-25T11:51:45.684Z"}
{"level":"debug","message":"Debugging info","timestamp":"2017-04-26T14:23:40.734Z"}
{"level":"verbose","message":"Verbose info","timestamp":"2017-04-26T14:23:40.734Z"}
{"level":"info","message":"Hello world","timestamp":"2017-04-26T14:23:40.734Z"}
{"level":"warn","message":"Warning message","timestamp":"2017-04-26T14:23:40.734Z"}
{"level":"error","message":"Error info","timestamp":"2017-04-26T14:23:40.734Z"}
